#
# A fatal error has been detected by the Java Runtime Environment:
#
#  EXCEPTION_ACCESS_VIOLATION (0xc0000005) at pc=0x00000000546c8845, pid=15116, tid=184
#
# JRE version: Java(TM) SE Runtime Environment (8.0_60-b27) (build 1.8.0_60-b27)
# Java VM: Java HotSpot(TM) 64-Bit Server VM (25.60-b23 mixed mode windows-amd64 compressed oops)
# Problematic frame:
# V  [jvm.dll+0x128845]
#
# Failed to write core dump. Minidumps are not enabled by default on client versions of Windows
#
# If you would like to submit a bug report, please visit:
#   http://bugreport.java.com/bugreport/crash.jsp
#

---------------  T H R E A D  ---------------

Current thread (0x00000000153f8000):  JavaThread "JDWP Transport Listener: dt_socket" daemon [_thread_in_vm, id=184, stack(0x0000000016e90000,0x0000000016f90000)]

siginfo: ExceptionCode=0xc0000005, reading address 0xffffffffffffffff

Registers:
RAX=0x0000000016f8f601, RBX=0x00000000153f8000, RCX=0x003b7265003b7265, RDX=0x0000000000000000
RSP=0x0000000016f8f630, RBP=0x003b7265003b7265, RSI=0x0000000016f8f748, RDI=0x0000000002bdeaa0
R8 =0x00000000153f8000, R9 =0x0000000000000001, R10=0x0000000000008000, R11=0x0000000016f8f580
R12=0x0000000000000000, R13=0x00000000153ed088, R14=0x0000000000000000, R15=0x0000000000000000
RIP=0x00000000546c8845, EFLAGS=0x0000000000010206

Top of Stack: (sp=0x0000000016f8f630)
0x0000000016f8f630:   00000000153f8000 00000000153f8000
0x0000000016f8f640:   0000000016f8f6f8 00000000548ce18b
0x0000000016f8f650:   00000000153f8000 00000000548ea9ed
0x0000000016f8f660:   0000000000000000 0000000053889155
0x0000000016f8f670:   0000000017c0e1a0 000000005389291e
0x0000000016f8f680:   00000000153f8000 0000000000000000
0x0000000016f8f690:   0000000000000000 0000000000000000
0x0000000016f8f6a0:   003b7265003b7265 0000000053891a15
0x0000000016f8f6b0:   0000000016f8f748 0000000016f8f720
0x0000000016f8f6c0:   0000000000000001 0000000017c0e1a0
0x0000000016f8f6d0:   003b7265003b7265 00000000538753b3
0x0000000016f8f6e0:   0000000016f8f810 0000000000000001
0x0000000016f8f6f0:   0000000000000001 0000000017c0e1a0
0x0000000016f8f700:   0000000000000001 0000000000000000
0x0000000016f8f710:   0000000000000000 0000000000000000
0x0000000016f8f720:   0000000000000001 0000000053875571 

Instructions: (pc=0x00000000546c8845)
0x00000000546c8825:   cc cc cc cc cc cc cc cc cc cc cc 48 83 ec 28 48
0x00000000546c8835:   85 c9 75 07 33 c0 48 83 c4 28 c3 48 89 5c 24 20
0x00000000546c8845:   48 8b 19 48 85 db 74 20 48 83 fb 37 74 1a 48 8b
0x00000000546c8855:   13 48 8b cb ff 52 10 84 c0 74 0d 48 8b c3 48 8b 


Register to memory mapping:

RAX=0x0000000016f8f601 is pointing into the stack for thread: 0x00000000153f8000
RBX=0x00000000153f8000 is a thread
RCX=0x003b7265003b7265 is an unknown value
RDX=0x0000000000000000 is an unknown value
RSP=0x0000000016f8f630 is pointing into the stack for thread: 0x00000000153f8000
RBP=0x003b7265003b7265 is an unknown value
RSI=0x0000000016f8f748 is pointing into the stack for thread: 0x00000000153f8000
RDI=0x0000000002bdeaa0 is an unknown value
R8 =0x00000000153f8000 is a thread
R9 =0x0000000000000001 is an unknown value
R10=0x0000000000008000 is an unknown value
R11=0x0000000016f8f580 is pointing into the stack for thread: 0x00000000153f8000
R12=0x0000000000000000 is an unknown value
R13=0x00000000153ed088 is an unknown value
R14=0x0000000000000000 is an unknown value
R15=0x0000000000000000 is an unknown value


Stack: [0x0000000016e90000,0x0000000016f90000],  sp=0x0000000016f8f630,  free space=1021k
Native frames: (J=compiled Java code, j=interpreted, Vv=VM code, C=native code)
V  [jvm.dll+0x128845]
V  [jvm.dll+0x34a9ed]
C  [jdwp.dll+0x21a15]
C  [jdwp.dll+0x53b3]
C  [jdwp.dll+0x5571]
C  [jdwp.dll+0xf0a8]
C  [jdwp.dll+0x1f2d5]
C  [jdwp.dll+0x1f4aa]
V  [jvm.dll+0x1bb8e8]
V  [jvm.dll+0x243134]
V  [jvm.dll+0x299f6a]
C  [msvcr100.dll+0x21d9f]
C  [msvcr100.dll+0x21e3b]
C  [KERNEL32.DLL+0x17bd4]
C  [ntdll.dll+0x6ce71]


---------------  P R O C E S S  ---------------

Java Threads: ( => current thread )
  0x000000001c31b800 JavaThread "DestroyJavaVM" [_thread_blocked, id=14508, stack(0x0000000002be0000,0x0000000002ce0000)]
  0x000000001c31e800 JavaThread "http-nio-9596-Acceptor-0" daemon [_thread_in_native, id=12340, stack(0x000000001ec70000,0x000000001ed70000)]
  0x000000001c31c800 JavaThread "http-nio-9596-ClientPoller-1" daemon [_thread_in_native, id=9684, stack(0x000000001eb70000,0x000000001ec70000)]
  0x000000001c312800 JavaThread "http-nio-9596-ClientPoller-0" daemon [_thread_in_native, id=9776, stack(0x000000001ea70000,0x000000001eb70000)]
  0x000000001c315000 JavaThread "http-nio-9596-exec-10" daemon [_thread_blocked, id=2312, stack(0x000000001e970000,0x000000001ea70000)]
  0x000000001c319800 JavaThread "http-nio-9596-exec-9" daemon [_thread_blocked, id=7884, stack(0x000000001e870000,0x000000001e970000)]
  0x000000001c315800 JavaThread "http-nio-9596-exec-8" daemon [_thread_blocked, id=7060, stack(0x000000001e770000,0x000000001e870000)]
  0x000000001c318800 JavaThread "http-nio-9596-exec-7" daemon [_thread_blocked, id=8516, stack(0x000000001e670000,0x000000001e770000)]
  0x000000001c317000 JavaThread "http-nio-9596-exec-6" daemon [_thread_blocked, id=3016, stack(0x000000001e570000,0x000000001e670000)]
  0x000000001c314000 JavaThread "http-nio-9596-exec-5" daemon [_thread_blocked, id=12496, stack(0x000000001e470000,0x000000001e570000)]
  0x000000001c316800 JavaThread "http-nio-9596-exec-4" daemon [_thread_blocked, id=10500, stack(0x000000001e370000,0x000000001e470000)]
  0x000000001c313800 JavaThread "http-nio-9596-exec-3" daemon [_thread_blocked, id=5800, stack(0x000000001e270000,0x000000001e370000)]
  0x000000001c318000 JavaThread "http-nio-9596-exec-2" daemon [_thread_blocked, id=2296, stack(0x000000001e170000,0x000000001e270000)]
  0x000000001956b000 JavaThread "http-nio-9596-exec-1" daemon [_thread_blocked, id=8176, stack(0x000000001e070000,0x000000001e170000)]
  0x000000001956e800 JavaThread "NioBlockingSelector.BlockPoller-1" daemon [_thread_in_native, id=14808, stack(0x000000001dc70000,0x000000001dd70000)]
  0x000000001956d800 JavaThread "Live Reload Server" daemon [_thread_in_native, id=14344, stack(0x000000001dd70000,0x000000001de70000)]
  0x0000000019570800 JavaThread "File Watcher" daemon [_thread_blocked, id=13232, stack(0x000000001db70000,0x000000001dc70000)]
  0x000000001956d000 JavaThread "container-0" [_thread_blocked, id=4620, stack(0x000000001d870000,0x000000001d970000)]
  0x0000000019570000 JavaThread "Catalina-utility-2" [_thread_blocked, id=9532, stack(0x000000001d770000,0x000000001d870000)]
  0x000000001956c000 JavaThread "Catalina-utility-1" [_thread_blocked, id=6240, stack(0x000000001d670000,0x000000001d770000)]
  0x0000000019571800 JavaThread "HikariPool-1 housekeeper" daemon [_thread_blocked, id=2092, stack(0x000000001b4a0000,0x000000001b5a0000)]
  0x0000000019572000 JavaThread "mysql-cj-abandoned-connection-cleanup" daemon [_thread_blocked, id=14536, stack(0x000000001afa0000,0x000000001b0a0000)]
  0x0000000019510000 JavaThread "JMX server connection timeout 24" daemon [_thread_blocked, id=1684, stack(0x000000001a8a0000,0x000000001a9a0000)]
  0x0000000019513000 JavaThread "RMI Scheduler(0)" daemon [_thread_blocked, id=5460, stack(0x000000001a7a0000,0x000000001a8a0000)]
  0x00000000194f8800 JavaThread "RMI TCP Connection(idle)" daemon [_thread_blocked, id=9824, stack(0x0000000018ad0000,0x0000000018bd0000)]
  0x0000000017bb2800 JavaThread "RMI TCP Accept-0" daemon [_thread_in_native, id=13464, stack(0x0000000018390000,0x0000000018490000)]
  0x0000000017ba5000 JavaThread "RMI TCP Accept-56547" daemon [_thread_in_native, id=10456, stack(0x0000000018290000,0x0000000018390000)]
  0x0000000017b94800 JavaThread "RMI TCP Accept-0" daemon [_thread_in_native, id=14936, stack(0x0000000018190000,0x0000000018290000)]
  0x000000001543e800 JavaThread "Service Thread" daemon [_thread_blocked, id=2188, stack(0x0000000017890000,0x0000000017990000)]
  0x00000000173a8800 JavaThread "C1 CompilerThread2" daemon [_thread_blocked, id=8056, stack(0x0000000017790000,0x0000000017890000)]
  0x0000000015421800 JavaThread "C2 CompilerThread1" daemon [_thread_blocked, id=960, stack(0x0000000017290000,0x0000000017390000)]
  0x000000001540c000 JavaThread "C2 CompilerThread0" daemon [_thread_blocked, id=15068, stack(0x0000000017190000,0x0000000017290000)]
  0x00000000153fd800 JavaThread "JDWP Command Reader" daemon [_thread_in_native, id=6540, stack(0x0000000017090000,0x0000000017190000)]
  0x00000000153fc000 JavaThread "JDWP Event Helper Thread" daemon [_thread_blocked, id=8372, stack(0x0000000016f90000,0x0000000017090000)]
=>0x00000000153f8000 JavaThread "JDWP Transport Listener: dt_socket" daemon [_thread_in_vm, id=184, stack(0x0000000016e90000,0x0000000016f90000)]
  0x00000000153e4800 JavaThread "Attach Listener" daemon [_thread_blocked, id=2088, stack(0x0000000016a50000,0x0000000016b50000)]
  0x00000000153e3000 JavaThread "Signal Dispatcher" daemon [_thread_blocked, id=12708, stack(0x0000000016950000,0x0000000016a50000)]
  0x00000000153a9000 JavaThread "Finalizer" daemon [_thread_blocked, id=14504, stack(0x0000000016650000,0x0000000016750000)]
  0x0000000002dd3800 JavaThread "Reference Handler" daemon [_thread_blocked, id=10276, stack(0x0000000016550000,0x0000000016650000)]

Other Threads:
  0x00000000153a7000 VMThread [stack: 0x0000000016450000,0x0000000016550000] [id=7612]
  0x0000000017bb7800 WatcherThread [stack: 0x0000000018490000,0x0000000018590000] [id=9664]

VM state:not at safepoint (normal execution)

VM Mutex/Monitor currently owned by a thread: None

Heap:
 PSYoungGen      total 284672K, used 249566K [0x00000000eb200000, 0x00000000fff00000, 0x0000000100000000)
  eden space 268800K, 90% used [0x00000000eb200000,0x00000000f9fa0128,0x00000000fb880000)
  from space 15872K, 39% used [0x00000000fb880000,0x00000000fbe97a60,0x00000000fc800000)
  to   space 15360K, 0% used [0x00000000ff000000,0x00000000ff000000,0x00000000fff00000)
 ParOldGen       total 77312K, used 29050K [0x00000000c1600000, 0x00000000c6180000, 0x00000000eb200000)
  object space 77312K, 37% used [0x00000000c1600000,0x00000000c325ea58,0x00000000c6180000)
 Metaspace       used 64900K, capacity 68355K, committed 68440K, reserved 1107968K
  class space    used 8722K, capacity 9283K, committed 9344K, reserved 1048576K

Card table byte_map: [0x00000000121a0000,0x00000000123a0000] byte_map_base: 0x0000000011b95000

Marking Bits: (ParMarkBitMap*) 0x0000000054daa5b0
 Begin Bits: [0x00000000128f0000, 0x0000000013898000)
 End Bits:   [0x0000000013898000, 0x0000000014840000)

Polling page: 0x0000000000f80000

CodeCache: size=245760Kb used=16180Kb max_used=16180Kb free=229579Kb
 bounds [0x0000000002de0000, 0x0000000003dc0000, 0x0000000011de0000]
 total_blobs=8657 nmethods=8059 adapters=516
 compilation: enabled

Compilation events (10 events):
Event: 192.839 Thread 0x00000000173a8800 8215       1       java.util.concurrent.ScheduledThreadPoolExecutor$DelayedWorkQueue::add (9 bytes)
Event: 192.840 Thread 0x00000000173a8800 nmethod 8215 0x0000000003daed10 code [0x0000000003daee80, 0x0000000003daf008]
Event: 192.840 Thread 0x00000000173a8800 8216       1       java.util.concurrent.ScheduledThreadPoolExecutor$DelayedWorkQueue::add (6 bytes)
Event: 192.840 Thread 0x00000000173a8800 nmethod 8216 0x0000000003daf0d0 code [0x0000000003daf220, 0x0000000003daf368]
Event: 196.846 Thread 0x00000000173a8800 8217       1       java.util.concurrent.ScheduledThreadPoolExecutor$DelayedWorkQueue::siftUp (66 bytes)
Event: 196.847 Thread 0x00000000173a8800 nmethod 8217 0x0000000003daf3d0 code [0x0000000003daf560, 0x0000000003daf968]
Event: 199.627 Thread 0x00000000173a8800 8218       1       java.util.concurrent.ThreadPoolExecutor::afterExecute (1 bytes)
Event: 199.627 Thread 0x00000000173a8800 nmethod 8218 0x0000000003dafd50 code [0x0000000003dafea0, 0x0000000003daffb0]
Event: 199.801 Thread 0x00000000173a8800 8219       1       java.util.Date::<init> (8 bytes)
Event: 199.801 Thread 0x00000000173a8800 nmethod 8219 0x0000000003db0010 code [0x0000000003db0160, 0x0000000003db0270]

GC Heap History (10 events):
Event: 9.561 GC heap before
{Heap before GC invocations=14 (full 2):
 PSYoungGen      total 174080K, used 162304K [0x00000000eb200000, 0x00000000fa980000, 0x0000000100000000)
  eden space 162304K, 100% used [0x00000000eb200000,0x00000000f5080000,0x00000000f5080000)
  from space 11776K, 0% used [0x00000000f5080000,0x00000000f5080000,0x00000000f5c00000)
  to   space 11264K, 0% used [0x00000000f9e80000,0x00000000f9e80000,0x00000000fa980000)
 ParOldGen       total 54784K, used 19229K [0x00000000c1600000, 0x00000000c4b80000, 0x00000000eb200000)
  object space 54784K, 35% used [0x00000000c1600000,0x00000000c28c7558,0x00000000c4b80000)
 Metaspace       used 50702K, capacity 53221K, committed 53504K, reserved 1095680K
  class space    used 7147K, capacity 7638K, committed 7680K, reserved 1048576K
Event: 9.584 GC heap after
Heap after GC invocations=14 (full 2):
 PSYoungGen      total 223232K, used 11241K [0x00000000eb200000, 0x00000000fa980000, 0x0000000100000000)
  eden space 211968K, 0% used [0x00000000eb200000,0x00000000eb200000,0x00000000f8100000)
  from space 11264K, 99% used [0x00000000f9e80000,0x00000000fa97a428,0x00000000fa980000)
  to   space 16384K, 0% used [0x00000000f8980000,0x00000000f8980000,0x00000000f9980000)
 ParOldGen       total 54784K, used 28134K [0x00000000c1600000, 0x00000000c4b80000, 0x00000000eb200000)
  object space 54784K, 51% used [0x00000000c1600000,0x00000000c3179b18,0x00000000c4b80000)
 Metaspace       used 50702K, capacity 53221K, committed 53504K, reserved 1095680K
  class space    used 7147K, capacity 7638K, committed 7680K, reserved 1048576K
}
Event: 19.644 GC heap before
{Heap before GC invocations=15 (full 2):
 PSYoungGen      total 223232K, used 159477K [0x00000000eb200000, 0x00000000fa980000, 0x0000000100000000)
  eden space 211968K, 69% used [0x00000000eb200000,0x00000000f42c3290,0x00000000f8100000)
  from space 11264K, 99% used [0x00000000f9e80000,0x00000000fa97a428,0x00000000fa980000)
  to   space 16384K, 0% used [0x00000000f8980000,0x00000000f8980000,0x00000000f9980000)
 ParOldGen       total 54784K, used 28134K [0x00000000c1600000, 0x00000000c4b80000, 0x00000000eb200000)
  object space 54784K, 51% used [0x00000000c1600000,0x00000000c3179b18,0x00000000c4b80000)
 Metaspace       used 56053K, capacity 59091K, committed 59096K, reserved 1099776K
  class space    used 7885K, capacity 8443K, committed 8448K, reserved 1048576K
Event: 19.671 GC heap after
Heap after GC invocations=15 (full 2):
 PSYoungGen      total 237056K, used 9253K [0x00000000eb200000, 0x00000000fd780000, 0x0000000100000000)
  eden space 220672K, 0% used [0x00000000eb200000,0x00000000eb200000,0x00000000f8980000)
  from space 16384K, 56% used [0x00000000f8980000,0x00000000f9289728,0x00000000f9980000)
  to   space 15872K, 0% used [0x00000000fc800000,0x00000000fc800000,0x00000000fd780000)
 ParOldGen       total 54784K, used 34037K [0x00000000c1600000, 0x00000000c4b80000, 0x00000000eb200000)
  object space 54784K, 62% used [0x00000000c1600000,0x00000000c373d5c8,0x00000000c4b80000)
 Metaspace       used 56053K, capacity 59091K, committed 59096K, reserved 1099776K
  class space    used 7885K, capacity 8443K, committed 8448K, reserved 1048576K
}
Event: 19.671 GC heap before
{Heap before GC invocations=16 (full 3):
 PSYoungGen      total 237056K, used 9253K [0x00000000eb200000, 0x00000000fd780000, 0x0000000100000000)
  eden space 220672K, 0% used [0x00000000eb200000,0x00000000eb200000,0x00000000f8980000)
  from space 16384K, 56% used [0x00000000f8980000,0x00000000f9289728,0x00000000f9980000)
  to   space 15872K, 0% used [0x00000000fc800000,0x00000000fc800000,0x00000000fd780000)
 ParOldGen       total 54784K, used 34037K [0x00000000c1600000, 0x00000000c4b80000, 0x00000000eb200000)
  object space 54784K, 62% used [0x00000000c1600000,0x00000000c373d5c8,0x00000000c4b80000)
 Metaspace       used 56053K, capacity 59091K, committed 59096K, reserved 1099776K
  class space    used 7885K, capacity 8443K, committed 8448K, reserved 1048576K
Event: 19.935 GC heap after
Heap after GC invocations=16 (full 3):
 PSYoungGen      total 237056K, used 0K [0x00000000eb200000, 0x00000000fd780000, 0x0000000100000000)
  eden space 220672K, 0% used [0x00000000eb200000,0x00000000eb200000,0x00000000f8980000)
  from space 16384K, 0% used [0x00000000f8980000,0x00000000f8980000,0x00000000f9980000)
  to   space 15872K, 0% used [0x00000000fc800000,0x00000000fc800000,0x00000000fd780000)
 ParOldGen       total 77312K, used 29034K [0x00000000c1600000, 0x00000000c6180000, 0x00000000eb200000)
  object space 77312K, 37% used [0x00000000c1600000,0x00000000c325aa58,0x00000000c6180000)
 Metaspace       used 56019K, capacity 59037K, committed 59096K, reserved 1099776K
  class space    used 7880K, capacity 8434K, committed 8448K, reserved 1048576K
}
Event: 68.461 GC heap before
{Heap before GC invocations=17 (full 3):
 PSYoungGen      total 237056K, used 220672K [0x00000000eb200000, 0x00000000fd780000, 0x0000000100000000)
  eden space 220672K, 100% used [0x00000000eb200000,0x00000000f8980000,0x00000000f8980000)
  from space 16384K, 0% used [0x00000000f8980000,0x00000000f8980000,0x00000000f9980000)
  to   space 15872K, 0% used [0x00000000fc800000,0x00000000fc800000,0x00000000fd780000)
 ParOldGen       total 77312K, used 29034K [0x00000000c1600000, 0x00000000c6180000, 0x00000000eb200000)
  object space 77312K, 37% used [0x00000000c1600000,0x00000000c325aa58,0x00000000c6180000)
 Metaspace       used 63838K, capacity 66965K, committed 67288K, reserved 1107968K
  class space    used 8611K, capacity 9158K, committed 9216K, reserved 1048576K
Event: 68.481 GC heap after
Heap after GC invocations=17 (full 3):
 PSYoungGen      total 284672K, used 9400K [0x00000000eb200000, 0x00000000fdb80000, 0x0000000100000000)
  eden space 268800K, 0% used [0x00000000eb200000,0x00000000eb200000,0x00000000fb880000)
  from space 15872K, 59% used [0x00000000fc800000,0x00000000fd12e3d0,0x00000000fd780000)
  to   space 15872K, 0% used [0x00000000fb880000,0x00000000fb880000,0x00000000fc800000)
 ParOldGen       total 77312K, used 29042K [0x00000000c1600000, 0x00000000c6180000, 0x00000000eb200000)
  object space 77312K, 37% used [0x00000000c1600000,0x00000000c325ca58,0x00000000c6180000)
 Metaspace       used 63838K, capacity 66965K, committed 67288K, reserved 1107968K
  class space    used 8611K, capacity 9158K, committed 9216K, reserved 1048576K
}
Event: 115.310 GC heap before
{Heap before GC invocations=18 (full 3):
 PSYoungGen      total 284672K, used 278200K [0x00000000eb200000, 0x00000000fdb80000, 0x0000000100000000)
  eden space 268800K, 100% used [0x00000000eb200000,0x00000000fb880000,0x00000000fb880000)
  from space 15872K, 59% used [0x00000000fc800000,0x00000000fd12e3d0,0x00000000fd780000)
  to   space 15872K, 0% used [0x00000000fb880000,0x00000000fb880000,0x00000000fc800000)
 ParOldGen       total 77312K, used 29042K [0x00000000c1600000, 0x00000000c6180000, 0x00000000eb200000)
  object space 77312K, 37% used [0x00000000c1600000,0x00000000c325ca58,0x00000000c6180000)
 Metaspace       used 64874K, capacity 68227K, committed 68440K, reserved 1107968K
  class space    used 8722K, capacity 9283K, committed 9344K, reserved 1048576K
Event: 115.321 GC heap after
Heap after GC invocations=18 (full 3):
 PSYoungGen      total 284672K, used 6238K [0x00000000eb200000, 0x00000000fff00000, 0x0000000100000000)
  eden space 268800K, 0% used [0x00000000eb200000,0x00000000eb200000,0x00000000fb880000)
  from space 15872K, 39% used [0x00000000fb880000,0x00000000fbe97a60,0x00000000fc800000)
  to   space 15360K, 0% used [0x00000000ff000000,0x00000000ff000000,0x00000000fff00000)
 ParOldGen       total 77312K, used 29050K [0x00000000c1600000, 0x00000000c6180000, 0x00000000eb200000)
  object space 77312K, 37% used [0x00000000c1600000,0x00000000c325ea58,0x00000000c6180000)
 Metaspace       used 64874K, capacity 68227K, committed 68440K, reserved 1107968K
  class space    used 8722K, capacity 9283K, committed 9344K, reserved 1048576K
}

Deoptimization events (0 events):
No events

Internal exceptions (10 events):
Event: 78.397 Thread 0x000000001c315000 Exception <a 'java/lang/ArrayIndexOutOfBoundsException'> (0x00000000f4ef1c38) thrown at [C:\re\workspace\8-2-build-windows-amd64-cygwin\jdk8u60\4407\hotspot\src\share\vm\runtime\sharedRuntime.cpp, line 605]
Event: 78.398 Thread 0x000000001c315000 Exception <a 'java/lang/ArrayIndexOutOfBoundsException'> (0x00000000f4ef3940) thrown at [C:\re\workspace\8-2-build-windows-amd64-cygwin\jdk8u60\4407\hotspot\src\share\vm\runtime\sharedRuntime.cpp, line 605]
Event: 78.398 Thread 0x000000001c315000 Exception <a 'java/lang/ArrayIndexOutOfBoundsException'> (0x00000000f4ef53f8) thrown at [C:\re\workspace\8-2-build-windows-amd64-cygwin\jdk8u60\4407\hotspot\src\share\vm\runtime\sharedRuntime.cpp, line 605]
Event: 78.398 Thread 0x000000001c315000 Exception <a 'java/lang/ArrayIndexOutOfBoundsException'> (0x00000000f4ef6ef0) thrown at [C:\re\workspace\8-2-build-windows-amd64-cygwin\jdk8u60\4407\hotspot\src\share\vm\runtime\sharedRuntime.cpp, line 605]
Event: 169.600 Thread 0x000000001956b000 Exception <a 'java/lang/ClassNotFoundException': com/demo/entities/TypeValueBeanInfo> (0x00000000ed9fada8) thrown at [C:\re\workspace\8-2-build-windows-amd64-cygwin\jdk8u60\4407\hotspot\src\share\vm\classfile\systemDictionary.cpp, line 210]
Event: 169.604 Thread 0x000000001956b000 Exception <a 'java/lang/ClassNotFoundException': com/demo/entities/TypeValueCustomizer> (0x00000000f400d100) thrown at [C:\re\workspace\8-2-build-windows-amd64-cygwin\jdk8u60\4407\hotspot\src\share\vm\classfile\systemDictionary.cpp, line 210]
Event: 169.604 Thread 0x000000001956b000 Exception <a 'java/lang/ArrayIndexOutOfBoundsException'> (0x00000000f400ffd8) thrown at [C:\re\workspace\8-2-build-windows-amd64-cygwin\jdk8u60\4407\hotspot\src\share\vm\runtime\sharedRuntime.cpp, line 605]
Event: 169.604 Thread 0x000000001956b000 Exception <a 'java/lang/ArrayIndexOutOfBoundsException'> (0x00000000f4011b50) thrown at [C:\re\workspace\8-2-build-windows-amd64-cygwin\jdk8u60\4407\hotspot\src\share\vm\runtime\sharedRuntime.cpp, line 605]
Event: 170.103 Thread 0x000000001956b000 Exception <a 'java/io/IOException'> (0x00000000f4f55118) thrown at [C:\re\workspace\8-2-build-windows-amd64-cygwin\jdk8u60\4407\hotspot\src\share\vm\prims\jni.cpp, line 709]
Event: 170.124 Thread 0x000000001c318000 Exception <a 'java/io/IOException'> (0x00000000f4c218d8) thrown at [C:\re\workspace\8-2-build-windows-amd64-cygwin\jdk8u60\4407\hotspot\src\share\vm\prims\jni.cpp, line 709]

Events (10 events):
Event: 174.247 Thread 0x000000001c316800 DEOPT PACKING pc=0x0000000003c77c74 sp=0x000000001e46eee0
Event: 174.247 Thread 0x000000001c313800 DEOPT PACKING pc=0x0000000003c77c74 sp=0x000000001e36ed60
Event: 174.247 Thread 0x000000001c313800 DEOPT UNPACKING pc=0x0000000002e2787f sp=0x000000001e36ec70 mode 1
Event: 174.247 Thread 0x000000001c317000 DEOPT PACKING pc=0x0000000003da72c4 sp=0x000000001e66eaa0
Event: 174.247 Thread 0x000000001c317000 DEOPT UNPACKING pc=0x0000000002e2787f sp=0x000000001e66e808 mode 1
Event: 174.247 Thread 0x000000001c316800 DEOPT UNPACKING pc=0x0000000002e2787f sp=0x000000001e46edf0 mode 1
Event: 174.247 Thread 0x000000001c317000 DEOPT PACKING pc=0x0000000003c77c74 sp=0x000000001e66eb30
Event: 174.247 Thread 0x000000001c317000 DEOPT UNPACKING pc=0x0000000002e2787f sp=0x000000001e66ea40 mode 1
Event: 200.495 Executing VM operation: RedefineClasses
Event: 200.552 Executing VM operation: RedefineClasses done


Dynamic libraries:
0x00007ff6c7ad0000 - 0x00007ff6c7b07000 	C:\Program Files\Java\jre1.8.0_60\bin\javaw.exe
0x00007ffcaf720000 - 0x00007ffcaf910000 	C:\WINDOWS\SYSTEM32\ntdll.dll
0x00007ffcae5a0000 - 0x00007ffcae652000 	C:\WINDOWS\System32\KERNEL32.DLL
0x00007ffcaceb0000 - 0x00007ffcad153000 	C:\WINDOWS\System32\KERNELBASE.dll
0x00007ffcada60000 - 0x00007ffcadb03000 	C:\WINDOWS\System32\ADVAPI32.dll
0x00007ffcadb80000 - 0x00007ffcadc1e000 	C:\WINDOWS\System32\msvcrt.dll
0x00007ffcadd80000 - 0x00007ffcade17000 	C:\WINDOWS\System32\sechost.dll
0x00007ffcae660000 - 0x00007ffcae780000 	C:\WINDOWS\System32\RPCRT4.dll
0x00007ffcaf130000 - 0x00007ffcaf2c3000 	C:\WINDOWS\System32\USER32.dll
0x00007ffcad7b0000 - 0x00007ffcad7d1000 	C:\WINDOWS\System32\win32u.dll
0x00007ffcade90000 - 0x00007ffcadeb6000 	C:\WINDOWS\System32\GDI32.dll
0x00007ffcad260000 - 0x00007ffcad3f4000 	C:\WINDOWS\System32\gdi32full.dll
0x00007ffcad400000 - 0x00007ffcad49e000 	C:\WINDOWS\System32\msvcp_win.dll
0x00007ffcad160000 - 0x00007ffcad25a000 	C:\WINDOWS\System32\ucrtbase.dll
0x00007ffca0f50000 - 0x00007ffca11d5000 	C:\WINDOWS\WinSxS\amd64_microsoft.windows.common-controls_6595b64144ccf1df_6.0.18362.239_none_e6c7aebd130c7608\COMCTL32.dll
0x00007ffcaedf0000 - 0x00007ffcaf126000 	C:\WINDOWS\System32\combase.dll
0x00007ffcad5f0000 - 0x00007ffcad670000 	C:\WINDOWS\System32\bcryptPrimitives.dll
0x00007ffcaf640000 - 0x00007ffcaf66e000 	C:\WINDOWS\System32\IMM32.DLL
0x00000000538d0000 - 0x00000000539a2000 	C:\Program Files\Java\jre1.8.0_60\bin\msvcr100.dll
0x00000000545a0000 - 0x0000000054e29000 	C:\Program Files\Java\jre1.8.0_60\bin\server\jvm.dll
0x00007ffcadb10000 - 0x00007ffcadb18000 	C:\WINDOWS\System32\PSAPI.DLL
0x00007ffc9abc0000 - 0x00007ffc9abc9000 	C:\WINDOWS\SYSTEM32\WSOCK32.dll
0x00007ffcade20000 - 0x00007ffcade8f000 	C:\WINDOWS\System32\WS2_32.dll
0x00007ffca9310000 - 0x00007ffca9334000 	C:\WINDOWS\SYSTEM32\WINMM.dll
0x00007ffca92e0000 - 0x00007ffca930d000 	C:\WINDOWS\SYSTEM32\WINMMBASE.dll
0x00007ffcac6e0000 - 0x00007ffcac72a000 	C:\WINDOWS\System32\cfgmgr32.dll
0x00007ffca2620000 - 0x00007ffca262a000 	C:\WINDOWS\SYSTEM32\VERSION.dll
0x00000000544b0000 - 0x00000000544bf000 	C:\Program Files\Java\jre1.8.0_60\bin\verify.dll
0x0000000054480000 - 0x00000000544a9000 	C:\Program Files\Java\jre1.8.0_60\bin\java.dll
0x0000000053870000 - 0x00000000538a5000 	C:\Program Files\Java\jre1.8.0_60\bin\jdwp.dll
0x0000000053860000 - 0x0000000053868000 	C:\Program Files\Java\jre1.8.0_60\bin\npt.dll
0x0000000054460000 - 0x0000000054476000 	C:\Program Files\Java\jre1.8.0_60\bin\zip.dll
0x00007ffcadec0000 - 0x00007ffcae5a0000 	C:\WINDOWS\System32\SHELL32.dll
0x00007ffcaec10000 - 0x00007ffcaecb9000 	C:\WINDOWS\System32\shcore.dll
0x00007ffcac730000 - 0x00007ffcaceab000 	C:\WINDOWS\System32\windows.storage.dll
0x00007ffcac6a0000 - 0x00007ffcac6bf000 	C:\WINDOWS\System32\profapi.dll
0x00007ffcac610000 - 0x00007ffcac65a000 	C:\WINDOWS\System32\powrprof.dll
0x00007ffcac600000 - 0x00007ffcac610000 	C:\WINDOWS\System32\UMPDC.dll
0x00007ffcaf430000 - 0x00007ffcaf482000 	C:\WINDOWS\System32\shlwapi.dll
0x00007ffcac660000 - 0x00007ffcac671000 	C:\WINDOWS\System32\kernel.appcore.dll
0x00007ffcac6c0000 - 0x00007ffcac6d7000 	C:\WINDOWS\System32\cryptsp.dll
0x0000000053850000 - 0x0000000053859000 	C:\Program Files\Java\jre1.8.0_60\bin\dt_socket.dll
0x00007ffc9c910000 - 0x00007ffc9c926000 	C:\WINDOWS\system32\napinsp.dll
0x00007ffc9c8f0000 - 0x00007ffc9c90a000 	C:\WINDOWS\system32\pnrpnsp.dll
0x00007ffcabe70000 - 0x00007ffcabed7000 	C:\WINDOWS\System32\mswsock.dll
0x00007ffcabc10000 - 0x00007ffcabcda000 	C:\WINDOWS\SYSTEM32\DNSAPI.dll
0x00007ffcaec00000 - 0x00007ffcaec08000 	C:\WINDOWS\System32\NSI.dll
0x00007ffcabbd0000 - 0x00007ffcabc0a000 	C:\WINDOWS\SYSTEM32\IPHLPAPI.DLL
0x00007ffc9c650000 - 0x00007ffc9c65e000 	C:\WINDOWS\System32\winrnr.dll
0x00007ffca8d80000 - 0x00007ffca8d9c000 	C:\WINDOWS\system32\NLAapi.dll
0x00007ffc9c630000 - 0x00007ffc9c645000 	C:\WINDOWS\system32\wshbth.dll
0x00007ffca1660000 - 0x00007ffca16d7000 	C:\WINDOWS\System32\fwpuclnt.dll
0x00007ffcad670000 - 0x00007ffcad696000 	C:\WINDOWS\System32\bcrypt.dll
0x00007ffc9f130000 - 0x00007ffc9f13a000 	C:\Windows\System32\rasadhlp.dll
0x00000000543e0000 - 0x00000000543ed000 	C:\Program Files\Java\jre1.8.0_60\bin\management.dll
0x0000000054440000 - 0x000000005445a000 	C:\Program Files\Java\jre1.8.0_60\bin\net.dll
0x0000000054420000 - 0x0000000054431000 	C:\Program Files\Java\jre1.8.0_60\bin\nio.dll
0x00007ffcaba30000 - 0x00007ffcaba63000 	C:\WINDOWS\system32\rsaenh.dll
0x00007ffcac4f0000 - 0x00007ffcac515000 	C:\WINDOWS\SYSTEM32\USERENV.dll
0x00007ffcac040000 - 0x00007ffcac04c000 	C:\WINDOWS\SYSTEM32\CRYPTBASE.dll
0x00007ffca2370000 - 0x00007ffca2386000 	C:\WINDOWS\SYSTEM32\dhcpcsvc6.DLL
0x00007ffca2bd0000 - 0x00007ffca2bec000 	C:\WINDOWS\SYSTEM32\dhcpcsvc.DLL
0x00007ffc9a860000 - 0x00007ffc9aa54000 	C:\WINDOWS\SYSTEM32\dbghelp.dll

VM Arguments:
jvm_args: -agentlib:jdwp=transport=dt_socket,suspend=y,address=localhost:56548 -Dcom.sun.management.jmxremote -Dcom.sun.management.jmxremote.port=56547 -Dcom.sun.management.jmxremote.authenticate=false -Dcom.sun.management.jmxremote.ssl=false -Djava.rmi.server.hostname=localhost -Dspring.jmx.enabled=true -Dspring.application.admin.enabled=true -Xverify:none -XX:TieredStopAtLevel=1 -Dfile.encoding=UTF-8 
java_command: com.demo.Prj4Application --spring.output.ansi.enabled=always
java_class_path (initial): D:\Documents\java\DA4\spring_tool_suite_4\workspace\project4\target\classes;C:\Users\NTDA\.m2\repository\org\springframework\boot\spring-boot-starter-data-jpa\2.1.5.RELEASE\spring-boot-starter-data-jpa-2.1.5.RELEASE.jar;C:\Users\NTDA\.m2\repository\org\springframework\boot\spring-boot-starter-aop\2.1.5.RELEASE\spring-boot-starter-aop-2.1.5.RELEASE.jar;C:\Users\NTDA\.m2\repository\org\aspectj\aspectjweaver\1.9.4\aspectjweaver-1.9.4.jar;C:\Users\NTDA\.m2\repository\org\springframework\boot\spring-boot-starter-jdbc\2.1.5.RELEASE\spring-boot-starter-jdbc-2.1.5.RELEASE.jar;C:\Users\NTDA\.m2\repository\com\zaxxer\HikariCP\3.2.0\HikariCP-3.2.0.jar;C:\Users\NTDA\.m2\repository\org\springframework\spring-jdbc\5.1.6.RELEASE\spring-jdbc-5.1.6.RELEASE.jar;C:\Users\NTDA\.m2\repository\javax\transaction\javax.transaction-api\1.3\javax.transaction-api-1.3.jar;C:\Users\NTDA\.m2\repository\javax\xml\bind\jaxb-api\2.3.1\jaxb-api-2.3.1.jar;C:\Users\NTDA\.m2\repository\javax\activation\javax.activation-api\1.2.0\javax.activation-api-1.2.0.jar;C:\Users\NTDA\.m2\repository\org\hibernate\hibernate-core\5.3.10.Final\hibernate-core-5.3.10.Final.jar;C:\Users\NTDA\.m2\repository\org\jboss\logging\jboss-logging\3.3.2.Final\jboss-logging-3.3.2.Final.jar;C:\Users\NTDA\.m2\repository\javax\persistence\javax.persistence-api\2.2\javax.persistence-api-2.2.jar;C:\Users\NTDA\.m2\repository\org\javassist\javassist\3.23.2-GA\javassist-3.23.2-GA.jar;C:\Users\NTDA\.m2\repository\net\bytebuddy\byte-buddy\1.9.12\byte-buddy-1.9.12.jar;C:\Users\NTDA\.m2\repository\antlr\antlr\2.7.7\antlr-2.7.7.jar;C:\Users\NTDA\.m2\repository\org\jboss\jandex\2.0.5.Final\jandex-2.0.5.Final.jar;C:\Users\NTDA\.m2\repository\com\fasterxml\classmate\1.4.0\classmate-1.4.0.jar;C:\Users\NTDA\.m2\repository\org\dom4j\dom4j\2.1.1\dom4j-2.1.1.jar;C:\Users\NTDA\.m2\repository\org\hibernate\common\hibernate-commons-annotations\5.0.4.Final\hibernate-commons-annotations-5.0.4.Final.jar;C:\Users\NTDA\.m2\reposit
Launcher Type: SUN_STANDARD

Environment Variables:
PATH=C:/Program Files/Java/jre1.8.0_60/bin/server;C:/Program Files/Java/jre1.8.0_60/bin;C:/Program Files/Java/jre1.8.0_60/lib/amd64;C:\ProgramData\Oracle\Java\javapath;C:\WINDOWS\system32;C:\WINDOWS;C:\WINDOWS\System32\Wbem;C:\WINDOWS\System32\WindowsPowerShell\v1.0\;C:\WINDOWS\System32\OpenSSH\;C:\Program Files\dotnet\;C:\Program Files\Microsoft SQL Server\130\Tools\Binn\;C:\Program Files\Microsoft SQL Server\Client SDK\ODBC\130\Tools\Binn\;C:\Program Files (x86)\Microsoft SQL Server\140\Tools\Binn\;C:\Program Files\Microsoft SQL Server\140\Tools\Binn\;C:\Program Files\Microsoft SQL Server\140\DTS\Binn\;C:\Program Files (x86)\Microsoft SQL Server\Client SDK\ODBC\130\Tools\Binn\;C:\Program Files (x86)\Microsoft SQL Server\140\DTS\Binn\;C:\Program Files (x86)\Microsoft SQL Server\140\Tools\Binn\ManagementStudio\;C:\Program Files\Git\cmd;C:\Program Files\nodejs\;C:\Program Files\Microsoft SQL Server\Client SDK\ODBC\170\Tools\Binn\;C:\Users\NTDA\AppData\Local\Microsoft\WindowsApps;;C:\Users\NTDA\AppData\Local\Programs\Microsoft VS Code\bin;C:\Users\NTDA\.dotnet\tools;C:\Users\NTDA\AppData\Roaming\npm;%USERPROFILE%\AppData\Local\Microsoft\WindowsApps;D:\Documents\java\DA4\spring_tool_suite_4\sts-4.2.2.RELEASE;
USERNAME=NTDA
OS=Windows_NT
PROCESSOR_IDENTIFIER=Intel64 Family 6 Model 69 Stepping 1, GenuineIntel



---------------  S Y S T E M  ---------------

OS: Windows 10.0 , 64 bit Build 18362 (10.0.18362.86)

CPU:total 4 (2 cores per cpu, 2 threads per core) family 6 model 69 stepping 1, cmov, cx8, fxsr, mmx, sse, sse2, sse3, ssse3, sse4.1, sse4.2, popcnt, avx, avx2, aes, clmul, erms, lzcnt, ht, tsc, tscinvbit, bmi1, bmi2

Memory: 4k page, physical 4096560k(585624k free), swap 8870536k(1939060k free)

vm_info: Java HotSpot(TM) 64-Bit Server VM (25.60-b23) for windows-amd64 JRE (1.8.0_60-b27), built on Aug  4 2015 11:06:27 by "java_re" with MS VC++ 10.0 (VS2010)

time: Tue Aug 06 03:36:54 2019
elapsed time: 200 seconds (0d 0h 3m 20s)

